a
2018-05-04 12:18:34 [Thread-12] com.tradebot.dbcommons.db_commons.getRowCount()
ERROR: org.h2.jdbc.JdbcSQLException: Connection is broken: "java.net.SocketException: No buffer space available (maximum connections reached?): connect: 172.16.8.179:50464" [90067-196]
	at org.h2.message.DbException.getJdbcSQLException(DbException.java:345)
	at org.h2.message.DbException.get(DbException.java:168)
	at org.h2.engine.SessionRemote.connectServer(SessionRemote.java:457)
	at org.h2.engine.SessionRemote.connectEmbeddedOrServer(SessionRemote.java:367)
	at org.h2.jdbc.JdbcConnection.<init>(JdbcConnection.java:116)
	at org.h2.jdbc.JdbcConnection.<init>(JdbcConnection.java:100)
	at org.h2.Driver.connect(Driver.java:69)
	at org.h2.jdbcx.JdbcDataSource.getJdbcConnection(JdbcDataSource.java:188)
	at org.h2.jdbcx.JdbcDataSource.getConnection(JdbcDataSource.java:177)
	at com.tradebot.dbcommons.db_commons.getRowCount(db_commons.java:64)
	at com.tradebot.formulas.F1_HRun_Algo.CalculateHRun(F1_HRun_Algo.java:149)
	at com.tradebot.formulas.F1_HRun_Algo.<init>(F1_HRun_Algo.java:74)
	at com.tradebot.presto.presto_data_feeder.onFeed(presto_data_feeder.java:118)
	at com.sft.feedprovider.FeedProvider.update(FeedProvider.java:101)
	at com.sft.feedprovider.BaseApplication.update(BaseApplication.java:1)
	at com.sft.feedprovider.Subject.notify(Subject.java:28)
	at com.sft.feedprovider.DummyMarketDataProvider$MarketPictureFeedConsumer.run(DummyMarketDataProvider.java:114)
Caused by: java.net.SocketException: No buffer space available (maximum connections reached?): connect
	at java.net.DualStackPlainSocketImpl.connect0(Native Method)
	at java.net.DualStackPlainSocketImpl.socketConnect(Unknown Source)
	at java.net.AbstractPlainSocketImpl.doConnect(Unknown Source)
	at java.net.AbstractPlainSocketImpl.connectToAddress(Unknown Source)
	at java.net.AbstractPlainSocketImpl.connect(Unknown Source)
	at java.net.PlainSocketImpl.connect(Unknown Source)
	at java.net.SocksSocketImpl.connect(Unknown Source)
	at java.net.Socket.connect(Unknown Source)
	at org.h2.util.NetUtils.createSocket(NetUtils.java:103)
	at org.h2.util.NetUtils.createSocket(NetUtils.java:83)
	at org.h2.engine.SessionRemote.initTransfer(SessionRemote.java:115)
	at org.h2.engine.SessionRemote.connectServer(SessionRemote.java:453)
	at org.h2.engine.SessionRemote.connectEmbeddedOrServer(SessionRemote.java:367)
	at org.h2.jdbc.JdbcConnection.<init>(JdbcConnection.java:116)
	at org.h2.jdbc.JdbcConnection.<init>(JdbcConnection.java:100)
	at org.h2.Driver.connect(Driver.java:69)
	at org.h2.jdbcx.JdbcDataSource.getJdbcConnection(JdbcDataSource.java:188)
	at org.h2.jdbcx.JdbcDataSource.getConnection(JdbcDataSource.java:177)
	at com.tradebot.dbcommons.db_commons.getRowCount(db_commons.java:64)
	at com.tradebot.formulas.F1_HRun_Algo.CalculateHRun(F1_HRun_Algo.java:149)
	at com.tradebot.formulas.F1_HRun_Algo.<init>(F1_HRun_Algo.java:74)
	at com.tradebot.presto.presto_data_feeder.onFeed(presto_data_feeder.java:118)
	at com.sft.feedprovider.FeedProvider.update(FeedProvider.java:101)
	...
2018-05-04 12:20:58 [Thread-12] com.tradebot.dbcommons.db_commons.getSingleColumnRecords()
ERROR: org.h2.jdbc.JdbcSQLException: Connection is broken: "java.net.SocketException: No buffer space available (maximum connections reached?): connect: 172.16.8.179:50464" [90067-196]
	at org.h2.message.DbException.getJdbcSQLException(DbException.java:345)
	at org.h2.message.DbException.get(DbException.java:168)
	at org.h2.engine.SessionRemote.connectServer(SessionRemote.java:457)
	at org.h2.engine.SessionRemote.connectEmbeddedOrServer(SessionRemote.java:367)
	at org.h2.jdbc.JdbcConnection.<init>(JdbcConnection.java:116)
	at org.h2.jdbc.JdbcConnection.<init>(JdbcConnection.java:100)
	at org.h2.Driver.connect(Driver.java:69)
	at org.h2.jdbcx.JdbcDataSource.getJdbcConnection(JdbcDataSource.java:188)
	at org.h2.jdbcx.JdbcDataSource.getConnection(JdbcDataSource.java:177)
	at com.tradebot.dbcommons.db_commons.getSingleColumnRecords(db_commons.java:138)
	at com.tradebot.formulas.F1_HRun_Algo.<init>(F1_HRun_Algo.java:49)
	at com.tradebot.presto.presto_data_feeder.onFeed(presto_data_feeder.java:118)
	at com.sft.feedprovider.FeedProvider.update(FeedProvider.java:101)
	at com.sft.feedprovider.BaseApplication.update(BaseApplication.java:1)
	at com.sft.feedprovider.Subject.notify(Subject.java:28)
	at com.sft.feedprovider.DummyMarketDataProvider$MarketPictureFeedConsumer.run(DummyMarketDataProvider.java:114)
Caused by: java.net.SocketException: No buffer space available (maximum connections reached?): connect
	at java.net.DualStackPlainSocketImpl.connect0(Native Method)
	at java.net.DualStackPlainSocketImpl.socketConnect(Unknown Source)
	at java.net.AbstractPlainSocketImpl.doConnect(Unknown Source)
	at java.net.AbstractPlainSocketImpl.connectToAddress(Unknown Source)
	at java.net.AbstractPlainSocketImpl.connect(Unknown Source)
	at java.net.PlainSocketImpl.connect(Unknown Source)
	at java.net.SocksSocketImpl.connect(Unknown Source)
	at java.net.Socket.connect(Unknown Source)
	at org.h2.util.NetUtils.createSocket(NetUtils.java:103)
	at org.h2.util.NetUtils.createSocket(NetUtils.java:83)
	at org.h2.engine.SessionRemote.initTransfer(SessionRemote.java:115)
	at org.h2.engine.SessionRemote.connectServer(SessionRemote.java:453)
	at org.h2.engine.SessionRemote.connectEmbeddedOrServer(SessionRemote.java:367)
	at org.h2.jdbc.JdbcConnection.<init>(JdbcConnection.java:116)
	at org.h2.jdbc.JdbcConnection.<init>(JdbcConnection.java:100)
	at org.h2.Driver.connect(Driver.java:69)
	at org.h2.jdbcx.JdbcDataSource.getJdbcConnection(JdbcDataSource.java:188)
	at org.h2.jdbcx.JdbcDataSource.getConnection(JdbcDataSource.java:177)
	at com.tradebot.dbcommons.db_commons.getSingleColumnRecords(db_commons.java:138)
	at com.tradebot.formulas.F1_HRun_Algo.<init>(F1_HRun_Algo.java:49)
	at com.tradebot.presto.presto_data_feeder.onFeed(presto_data_feeder.java:118)
	at com.sft.feedprovider.FeedProvider.update(FeedProvider.java:101)
	at com.sft.feedprovider.BaseApplication.update(BaseApplication.java:1)
	at com.sft.feedprovider.Subject.notify(Subject.java:28)
	...
2018-05-04 12:21:34 [AWT-EventQueue-0] com.tradebot.ui.forms.TradeBoard$PLTableModel.SumPL()
ERROR: org.h2.jdbc.JdbcSQLException: Connection is broken: "java.net.SocketException: No buffer space available (maximum connections reached?): connect: 172.16.8.179:50464" [90067-196]
	at org.h2.message.DbException.getJdbcSQLException(DbException.java:345)
	at org.h2.message.DbException.get(DbException.java:168)
	at org.h2.engine.SessionRemote.connectServer(SessionRemote.java:457)
	at org.h2.engine.SessionRemote.connectEmbeddedOrServer(SessionRemote.java:367)
	at org.h2.jdbc.JdbcConnection.<init>(JdbcConnection.java:116)
	at org.h2.jdbc.JdbcConnection.<init>(JdbcConnection.java:100)
	at org.h2.Driver.connect(Driver.java:69)
	at org.h2.jdbcx.JdbcDataSource.getJdbcConnection(JdbcDataSource.java:188)
	at org.h2.jdbcx.JdbcDataSource.getConnection(JdbcDataSource.java:177)
	at com.tradebot.ui.forms.TradeBoard$PLTableModel.SumPL(TradeBoard.java:742)
	at com.tradebot.ui.forms.TradeBoard$Outerpane$3$1.actionPerformed(TradeBoard.java:545)
	at javax.swing.Timer.fireActionPerformed(Unknown Source)
	at javax.swing.Timer$DoPostEvent.run(Unknown Source)
	at java.awt.event.InvocationEvent.dispatch(Unknown Source)
	at java.awt.EventQueue.dispatchEventImpl(Unknown Source)
	at java.awt.EventQueue.access$500(Unknown Source)
	at java.awt.EventQueue$3.run(Unknown Source)
	at java.awt.EventQueue$3.run(Unknown Source)
	at java.security.AccessController.doPrivileged(Native Method)
	at java.security.ProtectionDomain$JavaSecurityAccessImpl.doIntersectionPrivilege(Unknown Source)
	at java.awt.EventQueue.dispatchEvent(Unknown Source)
	at java.awt.EventDispatchThread.pumpOneEventForFilters(Unknown Source)
	at java.awt.EventDispatchThread.pumpEventsForFilter(Unknown Source)
	at java.awt.EventDispatchThread.pumpEventsForHierarchy(Unknown Source)
	at java.awt.EventDispatchThread.pumpEvents(Unknown Source)
	at java.awt.EventDispatchThread.pumpEvents(Unknown Source)
	at java.awt.EventDispatchThread.run(Unknown Source)
Caused by: java.net.SocketException: No buffer space available (maximum connections reached?): connect
	at java.net.DualStackPlainSocketImpl.connect0(Native Method)
	at java.net.DualStackPlainSocketImpl.socketConnect(Unknown Source)
	at java.net.AbstractPlainSocketImpl.doConnect(Unknown Source)
	at java.net.AbstractPlainSocketImpl.connectToAddress(Unknown Source)
	at java.net.AbstractPlainSocketImpl.connect(Unknown Source)
	at java.net.PlainSocketImpl.connect(Unknown Source)
	at java.net.SocksSocketImpl.connect(Unknown Source)
	at java.net.Socket.connect(Unknown Source)
	at org.h2.util.NetUtils.createSocket(NetUtils.java:103)
	at org.h2.util.NetUtils.createSocket(NetUtils.java:83)
	at org.h2.engine.SessionRemote.initTransfer(SessionRemote.java:115)
	at org.h2.engine.SessionRemote.connectServer(SessionRemote.java:453)
	at org.h2.engine.SessionRemote.connectEmbeddedOrServer(SessionRemote.java:367)
	...
2018-05-04 12:21:36 [Thread-12] com.tradebot.dbcommons.db_commons.getRowCount()
ERROR: org.h2.jdbc.JdbcSQLException: Connection is broken: "java.net.SocketException: No buffer space available (maximum connections reached?): connect: 172.16.8.179:50464" [90067-196]
	at org.h2.message.DbException.getJdbcSQLException(DbException.java:345)
	at org.h2.message.DbException.get(DbException.java:168)
	at org.h2.engine.SessionRemote.connectServer(SessionRemote.java:457)
	at org.h2.engine.SessionRemote.connectEmbeddedOrServer(SessionRemote.java:367)
	at org.h2.jdbc.JdbcConnection.<init>(JdbcConnection.java:116)
	at org.h2.jdbc.JdbcConnection.<init>(JdbcConnection.java:100)
	at org.h2.Driver.connect(Driver.java:69)
	at org.h2.jdbcx.JdbcDataSource.getJdbcConnection(JdbcDataSource.java:188)
	at org.h2.jdbcx.JdbcDataSource.getConnection(JdbcDataSource.java:177)
	at com.tradebot.dbcommons.db_commons.getRowCount(db_commons.java:64)
	at com.tradebot.formulas.F1_HRun_Algo.<init>(F1_HRun_Algo.java:53)
	at com.tradebot.presto.presto_data_feeder.onFeed(presto_data_feeder.java:118)
	at com.sft.feedprovider.FeedProvider.update(FeedProvider.java:101)
	at com.sft.feedprovider.BaseApplication.update(BaseApplication.java:1)
	at com.sft.feedprovider.Subject.notify(Subject.java:28)
	at com.sft.feedprovider.DummyMarketDataProvider$MarketPictureFeedConsumer.run(DummyMarketDataProvider.java:114)
Caused by: java.net.SocketException: No buffer space available (maximum connections reached?): connect
	at java.net.DualStackPlainSocketImpl.connect0(Native Method)
	at java.net.DualStackPlainSocketImpl.socketConnect(Unknown Source)
	at java.net.AbstractPlainSocketImpl.doConnect(Unknown Source)
	at java.net.AbstractPlainSocketImpl.connectToAddress(Unknown Source)
	at java.net.AbstractPlainSocketImpl.connect(Unknown Source)
	at java.net.PlainSocketImpl.connect(Unknown Source)
	at java.net.SocksSocketImpl.connect(Unknown Source)
	at java.net.Socket.connect(Unknown Source)
	at org.h2.util.NetUtils.createSocket(NetUtils.java:103)
	at org.h2.util.NetUtils.createSocket(NetUtils.java:83)
	at org.h2.engine.SessionRemote.initTransfer(SessionRemote.java:115)
	at org.h2.engine.SessionRemote.connectServer(SessionRemote.java:453)
	at org.h2.engine.SessionRemote.connectEmbeddedOrServer(SessionRemote.java:367)
	at org.h2.jdbc.JdbcConnection.<init>(JdbcConnection.java:116)
	at org.h2.jdbc.JdbcConnection.<init>(JdbcConnection.java:100)
	at org.h2.Driver.connect(Driver.java:69)
	at org.h2.jdbcx.JdbcDataSource.getJdbcConnection(JdbcDataSource.java:188)
	at org.h2.jdbcx.JdbcDataSource.getConnection(JdbcDataSource.java:177)
	at com.tradebot.dbcommons.db_commons.getRowCount(db_commons.java:64)
	at com.tradebot.formulas.F1_HRun_Algo.<init>(F1_HRun_Algo.java:53)
	at com.tradebot.presto.presto_data_feeder.onFeed(presto_data_feeder.java:118)
	at com.sft.feedprovider.FeedProvider.update(FeedProvider.java:101)
	at com.sft.feedprovider.BaseApplication.update(BaseApplication.java:1)
	at com.sft.feedprovider.Subject.notify(Subject.java:28)
	...
2018-05-04 12:25:01 [Thread-12] com.tradebot.dbcommons.db_commons.getRowCount()
ERROR: org.h2.jdbc.JdbcSQLException: Connection is broken: "java.net.SocketException: No buffer space available (maximum connections reached?): connect: 172.16.8.179:50464" [90067-196]
	at org.h2.message.DbException.getJdbcSQLException(DbException.java:345)
	at org.h2.message.DbException.get(DbException.java:168)
	at org.h2.engine.SessionRemote.connectServer(SessionRemote.java:457)
	at org.h2.engine.SessionRemote.connectEmbeddedOrServer(SessionRemote.java:367)
	at org.h2.jdbc.JdbcConnection.<init>(JdbcConnection.java:116)
	at org.h2.jdbc.JdbcConnection.<init>(JdbcConnection.java:100)
	at org.h2.Driver.connect(Driver.java:69)
	at org.h2.jdbcx.JdbcDataSource.getJdbcConnection(JdbcDataSource.java:188)
	at org.h2.jdbcx.JdbcDataSource.getConnection(JdbcDataSource.java:177)
	at com.tradebot.dbcommons.db_commons.getRowCount(db_commons.java:64)
	at com.tradebot.formulas.F1_HRun_Algo.<init>(F1_HRun_Algo.java:53)
	at com.tradebot.presto.presto_data_feeder.onFeed(presto_data_feeder.java:118)
	at com.sft.feedprovider.FeedProvider.update(FeedProvider.java:101)
	at com.sft.feedprovider.BaseApplication.update(BaseApplication.java:1)
	at com.sft.feedprovider.Subject.notify(Subject.java:28)
	at com.sft.feedprovider.DummyMarketDataProvider$MarketPictureFeedConsumer.run(DummyMarketDataProvider.java:114)
Caused by: java.net.SocketException: No buffer space available (maximum connections reached?): connect
	at java.net.DualStackPlainSocketImpl.connect0(Native Method)
	at java.net.DualStackPlainSocketImpl.socketConnect(Unknown Source)
	at java.net.AbstractPlainSocketImpl.doConnect(Unknown Source)
	at java.net.AbstractPlainSocketImpl.connectToAddress(Unknown Source)
	at java.net.AbstractPlainSocketImpl.connect(Unknown Source)
	at java.net.PlainSocketImpl.connect(Unknown Source)
	at java.net.SocksSocketImpl.connect(Unknown Source)
	at java.net.Socket.connect(Unknown Source)
	at org.h2.util.NetUtils.createSocket(NetUtils.java:103)
	at org.h2.util.NetUtils.createSocket(NetUtils.java:83)
	at org.h2.engine.SessionRemote.initTransfer(SessionRemote.java:115)
	at org.h2.engine.SessionRemote.connectServer(SessionRemote.java:453)
	at org.h2.engine.SessionRemote.connectEmbeddedOrServer(SessionRemote.java:367)
	at org.h2.jdbc.JdbcConnection.<init>(JdbcConnection.java:116)
	at org.h2.jdbc.JdbcConnection.<init>(JdbcConnection.java:100)
	at org.h2.Driver.connect(Driver.java:69)
	at org.h2.jdbcx.JdbcDataSource.getJdbcConnection(JdbcDataSource.java:188)
	at org.h2.jdbcx.JdbcDataSource.getConnection(JdbcDataSource.java:177)
	at com.tradebot.dbcommons.db_commons.getRowCount(db_commons.java:64)
	at com.tradebot.formulas.F1_HRun_Algo.<init>(F1_HRun_Algo.java:53)
	at com.tradebot.presto.presto_data_feeder.onFeed(presto_data_feeder.java:118)
	at com.sft.feedprovider.FeedProvider.update(FeedProvider.java:101)
	at com.sft.feedprovider.BaseApplication.update(BaseApplication.java:1)
	at com.sft.feedprovider.Subject.notify(Subject.java:28)
	...
2018-05-04 12:26:00 [Thread-12] com.tradebot.formulas.F1_HRun_Algo.CalculateHRun()
ERROR: java.lang.NullPointerException
	at java.util.Date.getMillisOf(Unknown Source)
	at java.util.Date.after(Unknown Source)
	at com.tradebot.formulas.F1_HRun_Algo.CalculateHRun(F1_HRun_Algo.java:405)
	at com.tradebot.formulas.F1_HRun_Algo.<init>(F1_HRun_Algo.java:74)
	at com.tradebot.presto.presto_data_feeder.onFeed(presto_data_feeder.java:118)
	at com.sft.feedprovider.FeedProvider.update(FeedProvider.java:101)
	at com.sft.feedprovider.BaseApplication.update(BaseApplication.java:1)
	at com.sft.feedprovider.Subject.notify(Subject.java:28)
	at com.sft.feedprovider.DummyMarketDataProvider$MarketPictureFeedConsumer.run(DummyMarketDataProvider.java:114)
2018-05-04 12:26:00 [Thread-12] com.tradebot.formulas.F1_HRun_Algo.CalculateHRun()
ERROR: java.lang.NullPointerException
	at java.util.Date.getMillisOf(Unknown Source)
	at java.util.Date.after(Unknown Source)
	at com.tradebot.formulas.F1_HRun_Algo.CalculateHRun(F1_HRun_Algo.java:405)
	at com.tradebot.formulas.F1_HRun_Algo.<init>(F1_HRun_Algo.java:74)
	at com.tradebot.presto.presto_data_feeder.onFeed(presto_data_feeder.java:118)
	at com.sft.feedprovider.FeedProvider.update(FeedProvider.java:101)
	at com.sft.feedprovider.BaseApplication.update(BaseApplication.java:1)
	at com.sft.feedprovider.Subject.notify(Subject.java:28)
	at com.sft.feedprovider.DummyMarketDataProvider$MarketPictureFeedConsumer.run(DummyMarketDataProvider.java:114)
2018-05-04 12:26:03 [Thread-12] com.tradebot.formulas.F1_HRun_Algo.CalculateHRun()
ERROR: java.lang.NullPointerException
	at java.util.Date.getMillisOf(Unknown Source)
	at java.util.Date.after(Unknown Source)
	at com.tradebot.formulas.F1_HRun_Algo.CalculateHRun(F1_HRun_Algo.java:405)
	at com.tradebot.formulas.F1_HRun_Algo.<init>(F1_HRun_Algo.java:74)
	at com.tradebot.presto.presto_data_feeder.onFeed(presto_data_feeder.java:118)
	at com.sft.feedprovider.FeedProvider.update(FeedProvider.java:101)
	at com.sft.feedprovider.BaseApplication.update(BaseApplication.java:1)
	at com.sft.feedprovider.Subject.notify(Subject.java:28)
	at com.sft.feedprovider.DummyMarketDataProvider$MarketPictureFeedConsumer.run(DummyMarketDataProvider.java:114)
2018-05-04 12:26:03 [Thread-12] com.tradebot.formulas.F1_HRun_Algo.CalculateHRun()
ERROR: java.lang.NullPointerException
	at java.util.Date.getMillisOf(Unknown Source)
	at java.util.Date.after(Unknown Source)
	at com.tradebot.formulas.F1_HRun_Algo.CalculateHRun(F1_HRun_Algo.java:405)
	at com.tradebot.formulas.F1_HRun_Algo.<init>(F1_HRun_Algo.java:74)
	at com.tradebot.presto.presto_data_feeder.onFeed(presto_data_feeder.java:118)
	at com.sft.feedprovider.FeedProvider.update(FeedProvider.java:101)
	at com.sft.feedprovider.BaseApplication.update(BaseApplication.java:1)
	at com.sft.feedprovider.Subject.notify(Subject.java:28)
	at com.sft.feedprovider.DummyMarketDataProvider$MarketPictureFeedConsumer.run(DummyMarketDataProvider.java:114)
2018-05-04 12:26:04 [Thread-12] com.tradebot.formulas.F1_HRun_Algo.CalculateHRun()
ERROR: java.lang.NullPointerException
2018-05-04 12:26:04 [Thread-12] com.tradebot.formulas.F1_HRun_Algo.CalculateHRun()
ERROR: java.lang.NullPointerException
2018-05-04 12:26:05 [Thread-12] com.tradebot.formulas.F1_HRun_Algo.CalculateHRun()
ERROR: java.lang.NullPointerException
2018-05-04 12:26:05 [Thread-12] com.tradebot.formulas.F1_HRun_Algo.CalculateHRun()
ERROR: java.lang.NullPointerException
2018-05-04 12:26:06 [Thread-12] com.tradebot.formulas.F1_HRun_Algo.CalculateHRun()
ERROR: java.lang.NullPointerException
2018-05-04 12:26:06 [Thread-12] com.tradebot.formulas.F1_HRun_Algo.CalculateHRun()
ERROR: java.lang.NullPointerException
2018-05-04 12:26:06 [Thread-12] com.tradebot.formulas.F1_HRun_Algo.CalculateHRun()
ERROR: java.lang.NullPointerException
2018-05-04 12:26:06 [Thread-12] com.tradebot.formulas.F1_HRun_Algo.CalculateHRun()
ERROR: java.lang.NullPointerException
2018-05-04 12:26:08 [Thread-12] com.tradebot.formulas.F1_HRun_Algo.CalculateHRun()
ERROR: java.lang.NullPointerException
2018-05-04 12:26:08 [Thread-12] com.tradebot.formulas.F1_HRun_Algo.CalculateHRun()
ERROR: java.lang.NullPointerException
2018-05-04 12:26:08 [Thread-12] com.tradebot.formulas.F1_HRun_Algo.CalculateHRun()
ERROR: java.lang.NullPointerException
2018-05-04 12:26:08 [Thread-12] com.tradebot.formulas.F1_HRun_Algo.CalculateHRun()
ERROR: java.lang.NullPointerException
2018-05-04 12:26:09 [Thread-12] com.tradebot.formulas.F1_HRun_Algo.CalculateHRun()
ERROR: java.lang.NullPointerException
2018-05-04 12:26:09 [Thread-12] com.tradebot.formulas.F1_HRun_Algo.CalculateHRun()
ERROR: java.lang.NullPointerException
2018-05-04 12:26:11 [Thread-12] com.tradebot.formulas.F1_HRun_Algo.CalculateHRun()
ERROR: java.lang.NullPointerException
2018-05-04 12:26:11 [Thread-12] com.tradebot.formulas.F1_HRun_Algo.CalculateHRun()
ERROR: java.lang.NullPointerException
2018-05-04 12:26:12 [Thread-12] com.tradebot.formulas.F1_HRun_Algo.CalculateHRun()
ERROR: java.lang.NullPointerException
2018-05-04 12:26:12 [Thread-12] com.tradebot.formulas.F1_HRun_Algo.CalculateHRun()
ERROR: java.lang.NullPointerException
2018-05-04 12:26:12 [Thread-12] com.tradebot.formulas.F1_HRun_Algo.CalculateHRun()
ERROR: java.lang.NullPointerException
2018-05-04 12:26:13 [Thread-12] com.tradebot.formulas.F1_HRun_Algo.CalculateHRun()
ERROR: java.lang.NullPointerException
2018-05-04 12:26:13 [Thread-12] com.tradebot.formulas.F1_HRun_Algo.CalculateHRun()
ERROR: java.lang.NullPointerException
2018-05-04 12:26:13 [Thread-12] com.tradebot.formulas.F1_HRun_Algo.CalculateHRun()
ERROR: java.lang.NullPointerException
2018-05-04 12:26:14 [Thread-12] com.tradebot.formulas.F1_HRun_Algo.CalculateHRun()
ERROR: java.lang.NullPointerException
2018-05-04 12:26:14 [Thread-12] com.tradebot.formulas.F1_HRun_Algo.CalculateHRun()
ERROR: java.lang.NullPointerException
2018-05-04 12:26:15 [Thread-12] com.tradebot.formulas.F1_HRun_Algo.CalculateHRun()
ERROR: java.lang.NullPointerException
2018-05-04 12:26:15 [Thread-12] com.tradebot.formulas.F1_HRun_Algo.CalculateHRun()
ERROR: java.lang.NullPointerException
2018-05-04 12:26:16 [Thread-12] com.tradebot.formulas.F1_HRun_Algo.CalculateHRun()
ERROR: java.lang.NullPointerException
2018-05-04 12:26:17 [Thread-12] com.tradebot.formulas.F1_HRun_Algo.CalculateHRun()
ERROR: java.lang.NullPointerException
2018-05-04 12:26:17 [Thread-12] com.tradebot.formulas.F1_HRun_Algo.CalculateHRun()
ERROR: java.lang.NullPointerException
2018-05-04 12:26:17 [Thread-12] com.tradebot.formulas.F1_HRun_Algo.CalculateHRun()
ERROR: java.lang.NullPointerException
2018-05-04 12:26:18 [Thread-12] com.tradebot.formulas.F1_HRun_Algo.CalculateHRun()
ERROR: java.lang.NullPointerException
2018-05-04 12:26:18 [Thread-12] com.tradebot.formulas.F1_HRun_Algo.CalculateHRun()
ERROR: java.lang.NullPointerException
2018-05-04 12:26:19 [Thread-12] com.tradebot.formulas.F1_HRun_Algo.CalculateHRun()
ERROR: java.lang.NullPointerException
2018-05-04 12:26:19 [Thread-12] com.tradebot.formulas.F1_HRun_Algo.CalculateHRun()
ERROR: java.lang.NullPointerException
2018-05-04 12:26:20 [Thread-12] com.tradebot.formulas.F1_HRun_Algo.CalculateHRun()
ERROR: java.lang.NullPointerException
2018-05-04 12:26:20 [Thread-12] com.tradebot.formulas.F1_HRun_Algo.CalculateHRun()
ERROR: java.lang.NullPointerException
2018-05-04 12:26:21 [Thread-12] com.tradebot.formulas.F1_HRun_Algo.CalculateHRun()
ERROR: java.lang.NullPointerException
2018-05-04 12:26:21 [Thread-12] com.tradebot.formulas.F1_HRun_Algo.CalculateHRun()
ERROR: java.lang.NullPointerException
2018-05-04 12:26:22 [Thread-12] com.tradebot.formulas.F1_HRun_Algo.CalculateHRun()
ERROR: java.lang.NullPointerException
2018-05-04 12:26:22 [Thread-12] com.tradebot.formulas.F1_HRun_Algo.CalculateHRun()
ERROR: java.lang.NullPointerException
2018-05-04 12:26:23 [Thread-12] com.tradebot.formulas.F1_HRun_Algo.CalculateHRun()
ERROR: java.lang.NullPointerException
2018-05-04 12:26:23 [Thread-12] com.tradebot.formulas.F1_HRun_Algo.CalculateHRun()
ERROR: java.lang.NullPointerException
2018-05-04 12:26:24 [Thread-12] com.tradebot.formulas.F1_HRun_Algo.CalculateHRun()
ERROR: java.lang.NullPointerException
2018-05-04 12:26:24 [Thread-12] com.tradebot.formulas.F1_HRun_Algo.CalculateHRun()
ERROR: java.lang.NullPointerException
2018-05-04 12:26:25 [Thread-12] com.tradebot.formulas.F1_HRun_Algo.CalculateHRun()
ERROR: java.lang.NullPointerException
2018-05-04 12:26:25 [Thread-12] com.tradebot.formulas.F1_HRun_Algo.CalculateHRun()
ERROR: java.lang.NullPointerException
2018-05-04 12:26:26 [Thread-12] com.tradebot.formulas.F1_HRun_Algo.CalculateHRun()
ERROR: java.lang.NullPointerException
2018-05-04 12:26:26 [Thread-12] com.tradebot.formulas.F1_HRun_Algo.CalculateHRun()
ERROR: java.lang.NullPointerException
2018-05-04 12:26:27 [Thread-12] com.tradebot.formulas.F1_HRun_Algo.CalculateHRun()
ERROR: java.lang.NullPointerException
2018-05-04 12:26:27 [Thread-12] com.tradebot.formulas.F1_HRun_Algo.CalculateHRun()
ERROR: java.lang.NullPointerException
2018-05-04 12:26:28 [Thread-12] com.tradebot.formulas.F1_HRun_Algo.CalculateHRun()
ERROR: java.lang.NullPointerException
2018-05-04 12:26:28 [Thread-12] com.tradebot.formulas.F1_HRun_Algo.CalculateHRun()
ERROR: java.lang.NullPointerException
2018-05-04 12:26:28 [Thread-12] com.tradebot.formulas.F1_HRun_Algo.CalculateHRun()
ERROR: java.lang.NullPointerException
2018-05-04 12:26:28 [Thread-12] com.tradebot.formulas.F1_HRun_Algo.CalculateHRun()
ERROR: java.lang.NullPointerException
2018-05-04 12:26:29 [Thread-12] com.tradebot.formulas.F1_HRun_Algo.CalculateHRun()
ERROR: java.lang.NullPointerException
2018-05-04 12:26:29 [Thread-12] com.tradebot.formulas.F1_HRun_Algo.CalculateHRun()
ERROR: java.lang.NullPointerException
2018-05-04 12:26:54 [Thread-12] com.tradebot.dbcommons.db_commons.getSingleColumnRecords()
ERROR: org.h2.jdbc.JdbcSQLException: Connection is broken: "java.net.SocketException: No buffer space available (maximum connections reached?): connect: 172.16.8.179:50464" [90067-196]
	at org.h2.message.DbException.getJdbcSQLException(DbException.java:345)
	at org.h2.message.DbException.get(DbException.java:168)
	at org.h2.engine.SessionRemote.connectServer(SessionRemote.java:457)
	at org.h2.engine.SessionRemote.connectEmbeddedOrServer(SessionRemote.java:367)
	at org.h2.jdbc.JdbcConnection.<init>(JdbcConnection.java:116)
	at org.h2.jdbc.JdbcConnection.<init>(JdbcConnection.java:100)
	at org.h2.Driver.connect(Driver.java:69)
	at org.h2.jdbcx.JdbcDataSource.getJdbcConnection(JdbcDataSource.java:188)
	at org.h2.jdbcx.JdbcDataSource.getConnection(JdbcDataSource.java:177)
	at com.tradebot.dbcommons.db_commons.getSingleColumnRecords(db_commons.java:138)
	at com.tradebot.formulas.F1_HRun_Algo.<init>(F1_HRun_Algo.java:49)
	at com.tradebot.presto.presto_data_feeder.onFeed(presto_data_feeder.java:118)
	at com.sft.feedprovider.FeedProvider.update(FeedProvider.java:101)
	at com.sft.feedprovider.BaseApplication.update(BaseApplication.java:1)
	at com.sft.feedprovider.Subject.notify(Subject.java:28)
	at com.sft.feedprovider.DummyMarketDataProvider$MarketPictureFeedConsumer.run(DummyMarketDataProvider.java:114)
Caused by: java.net.SocketException: No buffer space available (maximum connections reached?): connect
	at java.net.DualStackPlainSocketImpl.connect0(Native Method)
	at java.net.DualStackPlainSocketImpl.socketConnect(Unknown Source)
	at java.net.AbstractPlainSocketImpl.doConnect(Unknown Source)
	at java.net.AbstractPlainSocketImpl.connectToAddress(Unknown Source)
	at java.net.AbstractPlainSocketImpl.connect(Unknown Source)
	at java.net.PlainSocketImpl.connect(Unknown Source)
	at java.net.SocksSocketImpl.connect(Unknown Source)
	at java.net.Socket.connect(Unknown Source)
	at org.h2.util.NetUtils.createSocket(NetUtils.java:103)
	at org.h2.util.NetUtils.createSocket(NetUtils.java:83)
	at org.h2.engine.SessionRemote.initTransfer(SessionRemote.java:115)
	at org.h2.engine.SessionRemote.connectServer(SessionRemote.java:453)
	at org.h2.engine.SessionRemote.connectEmbeddedOrServer(SessionRemote.java:367)
	at org.h2.jdbc.JdbcConnection.<init>(JdbcConnection.java:116)
	at org.h2.jdbc.JdbcConnection.<init>(JdbcConnection.java:100)
	at org.h2.Driver.connect(Driver.java:69)
	at org.h2.jdbcx.JdbcDataSource.getJdbcConnection(JdbcDataSource.java:188)
	at org.h2.jdbcx.JdbcDataSource.getConnection(JdbcDataSource.java:177)
	at com.tradebot.dbcommons.db_commons.getSingleColumnRecords(db_commons.java:138)
	at com.tradebot.formulas.F1_HRun_Algo.<init>(F1_HRun_Algo.java:49)
	at com.tradebot.presto.presto_data_feeder.onFeed(presto_data_feeder.java:118)
	at com.sft.feedprovider.FeedProvider.update(FeedProvider.java:101)
	at com.sft.feedprovider.BaseApplication.update(BaseApplication.java:1)
	at com.sft.feedprovider.Subject.notify(Subject.java:28)
	...
2018-05-04 12:27:32 [AWT-EventQueue-0] com.tradebot.ui.forms.TradeBoard$PLTableModel.SumPL()
ERROR: org.h2.jdbc.JdbcSQLException: Connection is broken: "java.net.SocketException: No buffer space available (maximum connections reached?): connect: 172.16.8.179:50464" [90067-196]
	at org.h2.message.DbException.getJdbcSQLException(DbException.java:345)
	at org.h2.message.DbException.get(DbException.java:168)
	at org.h2.engine.SessionRemote.connectServer(SessionRemote.java:457)
	at org.h2.engine.SessionRemote.connectEmbeddedOrServer(SessionRemote.java:367)
	at org.h2.jdbc.JdbcConnection.<init>(JdbcConnection.java:116)
	at org.h2.jdbc.JdbcConnection.<init>(JdbcConnection.java:100)
	at org.h2.Driver.connect(Driver.java:69)
	at org.h2.jdbcx.JdbcDataSource.getJdbcConnection(JdbcDataSource.java:188)
	at org.h2.jdbcx.JdbcDataSource.getConnection(JdbcDataSource.java:177)
	at com.tradebot.ui.forms.TradeBoard$PLTableModel.SumPL(TradeBoard.java:742)
	at com.tradebot.ui.forms.TradeBoard$Outerpane$3$1.actionPerformed(TradeBoard.java:545)
	at javax.swing.Timer.fireActionPerformed(Unknown Source)
	at javax.swing.Timer$DoPostEvent.run(Unknown Source)
	at java.awt.event.InvocationEvent.dispatch(Unknown Source)
	at java.awt.EventQueue.dispatchEventImpl(Unknown Source)
	at java.awt.EventQueue.access$500(Unknown Source)
	at java.awt.EventQueue$3.run(Unknown Source)
	at java.awt.EventQueue$3.run(Unknown Source)
	at java.security.AccessController.doPrivileged(Native Method)
	at java.security.ProtectionDomain$JavaSecurityAccessImpl.doIntersectionPrivilege(Unknown Source)
	at java.awt.EventQueue.dispatchEvent(Unknown Source)
	at java.awt.EventDispatchThread.pumpOneEventForFilters(Unknown Source)
	at java.awt.EventDispatchThread.pumpEventsForFilter(Unknown Source)
	at java.awt.EventDispatchThread.pumpEventsForHierarchy(Unknown Source)
	at java.awt.EventDispatchThread.pumpEvents(Unknown Source)
	at java.awt.EventDispatchThread.pumpEvents(Unknown Source)
	at java.awt.EventDispatchThread.run(Unknown Source)
Caused by: java.net.SocketException: No buffer space available (maximum connections reached?): connect
	at java.net.DualStackPlainSocketImpl.connect0(Native Method)
	at java.net.DualStackPlainSocketImpl.socketConnect(Unknown Source)
	at java.net.AbstractPlainSocketImpl.doConnect(Unknown Source)
	at java.net.AbstractPlainSocketImpl.connectToAddress(Unknown Source)
	at java.net.AbstractPlainSocketImpl.connect(Unknown Source)
	at java.net.PlainSocketImpl.connect(Unknown Source)
	at java.net.SocksSocketImpl.connect(Unknown Source)
	at java.net.Socket.connect(Unknown Source)
	at org.h2.util.NetUtils.createSocket(NetUtils.java:103)
	at org.h2.util.NetUtils.createSocket(NetUtils.java:83)
	at org.h2.engine.SessionRemote.initTransfer(SessionRemote.java:115)
	at org.h2.engine.SessionRemote.connectServer(SessionRemote.java:453)
	at org.h2.engine.SessionRemote.connectEmbeddedOrServer(SessionRemote.java:367)
	...
2018-05-04 12:27:35 [Thread-12] com.tradebot.dbcommons.db_commons.getSingleColumnRecords()
ERROR: org.h2.jdbc.JdbcSQLException: Connection is broken: "java.net.SocketException: No buffer space available (maximum connections reached?): connect: 172.16.8.179:50464" [90067-196]
	at org.h2.message.DbException.getJdbcSQLException(DbException.java:345)
	at org.h2.message.DbException.get(DbException.java:168)
	at org.h2.engine.SessionRemote.connectServer(SessionRemote.java:457)
	at org.h2.engine.SessionRemote.connectEmbeddedOrServer(SessionRemote.java:367)
	at org.h2.jdbc.JdbcConnection.<init>(JdbcConnection.java:116)
	at org.h2.jdbc.JdbcConnection.<init>(JdbcConnection.java:100)
	at org.h2.Driver.connect(Driver.java:69)
	at org.h2.jdbcx.JdbcDataSource.getJdbcConnection(JdbcDataSource.java:188)
	at org.h2.jdbcx.JdbcDataSource.getConnection(JdbcDataSource.java:177)
	at com.tradebot.dbcommons.db_commons.getSingleColumnRecords(db_commons.java:138)
	at com.tradebot.formulas.F1_HRun_Algo.<init>(F1_HRun_Algo.java:49)
	at com.tradebot.presto.presto_data_feeder.onFeed(presto_data_feeder.java:118)
	at com.sft.feedprovider.FeedProvider.update(FeedProvider.java:101)
	at com.sft.feedprovider.BaseApplication.update(BaseApplication.java:1)
	at com.sft.feedprovider.Subject.notify(Subject.java:28)
	at com.sft.feedprovider.DummyMarketDataProvider$MarketPictureFeedConsumer.run(DummyMarketDataProvider.java:114)
Caused by: java.net.SocketException: No buffer space available (maximum connections reached?): connect
	at java.net.DualStackPlainSocketImpl.connect0(Native Method)
	at java.net.DualStackPlainSocketImpl.socketConnect(Unknown Source)
	at java.net.AbstractPlainSocketImpl.doConnect(Unknown Source)
	at java.net.AbstractPlainSocketImpl.connectToAddress(Unknown Source)
	at java.net.AbstractPlainSocketImpl.connect(Unknown Source)
	at java.net.PlainSocketImpl.connect(Unknown Source)
	at java.net.SocksSocketImpl.connect(Unknown Source)
	at java.net.Socket.connect(Unknown Source)
	at org.h2.util.NetUtils.createSocket(NetUtils.java:103)
	at org.h2.util.NetUtils.createSocket(NetUtils.java:83)
	at org.h2.engine.SessionRemote.initTransfer(SessionRemote.java:115)
	at org.h2.engine.SessionRemote.connectServer(SessionRemote.java:453)
	at org.h2.engine.SessionRemote.connectEmbeddedOrServer(SessionRemote.java:367)
	at org.h2.jdbc.JdbcConnection.<init>(JdbcConnection.java:116)
	at org.h2.jdbc.JdbcConnection.<init>(JdbcConnection.java:100)
	at org.h2.Driver.connect(Driver.java:69)
	at org.h2.jdbcx.JdbcDataSource.getJdbcConnection(JdbcDataSource.java:188)
	at org.h2.jdbcx.JdbcDataSource.getConnection(JdbcDataSource.java:177)
	at com.tradebot.dbcommons.db_commons.getSingleColumnRecords(db_commons.java:138)
	at com.tradebot.formulas.F1_HRun_Algo.<init>(F1_HRun_Algo.java:49)
	at com.tradebot.presto.presto_data_feeder.onFeed(presto_data_feeder.java:118)
	at com.sft.feedprovider.FeedProvider.update(FeedProvider.java:101)
	at com.sft.feedprovider.BaseApplication.update(BaseApplication.java:1)
	at com.sft.feedprovider.Subject.notify(Subject.java:28)
	...
2018-05-04 12:27:51 [Thread-12] com.tradebot.formulas.F1_HRun_Algo.CalculateHRun()
ERROR: java.lang.NullPointerException
2018-05-04 12:27:51 [Thread-12] com.tradebot.formulas.F1_HRun_Algo.CalculateHRun()
ERROR: java.lang.NullPointerException
2018-05-04 12:27:51 [Thread-12] com.tradebot.formulas.F1_HRun_Algo.CalculateHRun()
ERROR: java.lang.NullPointerException
2018-05-04 12:27:52 [Thread-12] com.tradebot.formulas.F1_HRun_Algo.CalculateHRun()
ERROR: java.lang.NullPointerException
2018-05-04 12:27:58 [Thread-12] com.tradebot.formulas.F1_HRun_Algo.CalculateHRun()
ERROR: java.lang.NullPointerException
2018-05-04 12:27:59 [Thread-12] com.tradebot.formulas.F1_HRun_Algo.CalculateHRun()
ERROR: java.lang.NullPointerException
2018-05-04 12:27:59 [Thread-12] com.tradebot.formulas.F1_HRun_Algo.CalculateHRun()
ERROR: java.lang.NullPointerException
2018-05-04 12:27:59 [Thread-12] com.tradebot.formulas.F1_HRun_Algo.CalculateHRun()
ERROR: java.lang.NullPointerException
2018-05-04 12:27:59 [Thread-12] com.tradebot.formulas.F1_HRun_Algo.CalculateHRun()
ERROR: java.lang.NullPointerException
2018-05-04 12:28:00 [Thread-12] com.tradebot.formulas.F1_HRun_Algo.CalculateHRun()
ERROR: java.lang.NullPointerException
2018-05-04 12:28:00 [Thread-12] com.tradebot.formulas.F1_HRun_Algo.CalculateHRun()
ERROR: java.lang.NullPointerException
2018-05-04 12:28:01 [Thread-12] com.tradebot.formulas.F1_HRun_Algo.CalculateHRun()
ERROR: java.lang.NullPointerException
2018-05-04 12:28:01 [Thread-12] com.tradebot.formulas.F1_HRun_Algo.CalculateHRun()
ERROR: java.lang.NullPointerException
2018-05-04 12:28:01 [Thread-12] com.tradebot.formulas.F1_HRun_Algo.CalculateHRun()
ERROR: java.lang.NullPointerException
2018-05-04 12:28:01 [Thread-12] com.tradebot.formulas.F1_HRun_Algo.CalculateHRun()
ERROR: java.lang.NullPointerException
2018-05-04 12:28:02 [Thread-12] com.tradebot.formulas.F1_HRun_Algo.CalculateHRun()
ERROR: java.lang.NullPointerException
2018-05-04 12:28:03 [Thread-12] com.tradebot.formulas.F1_HRun_Algo.CalculateHRun()
ERROR: java.lang.NullPointerException
2018-05-04 12:28:03 [Thread-12] com.tradebot.formulas.F1_HRun_Algo.CalculateHRun()
ERROR: java.lang.NullPointerException
2018-05-04 12:28:03 [Thread-12] com.tradebot.formulas.F1_HRun_Algo.CalculateHRun()
ERROR: java.lang.NullPointerException
2018-05-04 12:28:04 [Thread-12] com.tradebot.formulas.F1_HRun_Algo.CalculateHRun()
ERROR: java.lang.NullPointerException
2018-05-04 12:28:04 [Thread-12] com.tradebot.formulas.F1_HRun_Algo.CalculateHRun()
ERROR: java.lang.NullPointerException
2018-05-04 12:28:05 [Thread-12] com.tradebot.formulas.F1_HRun_Algo.CalculateHRun()
ERROR: java.lang.NullPointerException
2018-05-04 12:28:05 [Thread-12] com.tradebot.formulas.F1_HRun_Algo.CalculateHRun()
ERROR: java.lang.NullPointerException
2018-05-04 12:28:06 [Thread-12] com.tradebot.formulas.F1_HRun_Algo.CalculateHRun()
ERROR: java.lang.NullPointerException
2018-05-04 12:28:06 [Thread-12] com.tradebot.formulas.F1_HRun_Algo.CalculateHRun()
ERROR: java.lang.NullPointerException
2018-05-04 12:28:06 [Thread-12] com.tradebot.formulas.F1_HRun_Algo.CalculateHRun()
ERROR: java.lang.NullPointerException
2018-05-04 12:28:06 [Thread-12] com.tradebot.formulas.F1_HRun_Algo.CalculateHRun()
ERROR: java.lang.NullPointerException
2018-05-04 12:28:08 [Thread-12] com.tradebot.formulas.F1_HRun_Algo.CalculateHRun()
ERROR: java.lang.NullPointerException
2018-05-04 12:28:08 [Thread-12] com.tradebot.formulas.F1_HRun_Algo.CalculateHRun()
ERROR: java.lang.NullPointerException
2018-05-04 12:28:08 [Thread-12] com.tradebot.formulas.F1_HRun_Algo.CalculateHRun()
ERROR: java.lang.NullPointerException
2018-05-04 12:28:08 [Thread-12] com.tradebot.formulas.F1_HRun_Algo.CalculateHRun()
ERROR: java.lang.NullPointerException
2018-05-04 12:28:09 [Thread-12] com.tradebot.formulas.F1_HRun_Algo.CalculateHRun()
ERROR: java.lang.NullPointerException
2018-05-04 12:28:09 [Thread-12] com.tradebot.formulas.F1_HRun_Algo.CalculateHRun()
ERROR: java.lang.NullPointerException
2018-05-04 12:28:10 [Thread-12] com.tradebot.formulas.F1_HRun_Algo.CalculateHRun()
ERROR: java.lang.NullPointerException
2018-05-04 12:28:10 [Thread-12] com.tradebot.formulas.F1_HRun_Algo.CalculateHRun()
ERROR: java.lang.NullPointerException
2018-05-04 12:28:11 [Thread-12] com.tradebot.formulas.F1_HRun_Algo.CalculateHRun()
ERROR: java.lang.NullPointerException
2018-05-04 12:28:11 [Thread-12] com.tradebot.formulas.F1_HRun_Algo.CalculateHRun()
ERROR: java.lang.NullPointerException
2018-05-04 12:28:12 [Thread-12] com.tradebot.formulas.F1_HRun_Algo.CalculateHRun()
ERROR: java.lang.NullPointerException
2018-05-04 12:28:12 [Thread-12] com.tradebot.formulas.F1_HRun_Algo.CalculateHRun()
ERROR: java.lang.NullPointerException
2018-05-04 12:28:13 [Thread-12] com.tradebot.formulas.F1_HRun_Algo.CalculateHRun()
ERROR: java.lang.NullPointerException
2018-05-04 12:28:13 [Thread-12] com.tradebot.formulas.F1_HRun_Algo.CalculateHRun()
ERROR: java.lang.NullPointerException
2018-05-04 12:28:14 [Thread-12] com.tradebot.formulas.F1_HRun_Algo.CalculateHRun()
ERROR: java.lang.NullPointerException
2018-05-04 12:28:14 [Thread-12] com.tradebot.formulas.F1_HRun_Algo.CalculateHRun()
ERROR: java.lang.NullPointerException
2018-05-04 12:28:15 [Thread-12] com.tradebot.formulas.F1_HRun_Algo.CalculateHRun()
ERROR: java.lang.NullPointerException
2018-05-04 12:28:15 [Thread-12] com.tradebot.formulas.F1_HRun_Algo.CalculateHRun()
ERROR: java.lang.NullPointerException
2018-05-04 12:28:16 [Thread-12] com.tradebot.formulas.F1_HRun_Algo.CalculateHRun()
ERROR: java.lang.NullPointerException
2018-05-04 12:28:16 [Thread-12] com.tradebot.formulas.F1_HRun_Algo.CalculateHRun()
ERROR: java.lang.NullPointerException
2018-05-04 12:28:16 [Thread-12] com.tradebot.formulas.F1_HRun_Algo.CalculateHRun()
ERROR: java.lang.NullPointerException
2018-05-04 12:28:17 [Thread-12] com.tradebot.formulas.F1_HRun_Algo.CalculateHRun()
ERROR: java.lang.NullPointerException
2018-05-04 12:28:22 [Thread-12] com.tradebot.formulas.F1_HRun_Algo.CalculateHRun()
ERROR: java.lang.NullPointerException
2018-05-04 12:28:22 [Thread-12] com.tradebot.formulas.F1_HRun_Algo.CalculateHRun()
ERROR: java.lang.NullPointerException
2018-05-04 12:28:23 [Thread-12] com.tradebot.formulas.F1_HRun_Algo.CalculateHRun()
ERROR: java.lang.NullPointerException
2018-05-04 12:28:23 [Thread-12] com.tradebot.formulas.F1_HRun_Algo.CalculateHRun()
ERROR: java.lang.NullPointerException
2018-05-04 12:28:24 [Thread-12] com.tradebot.formulas.F1_HRun_Algo.CalculateHRun()
ERROR: java.lang.NullPointerException
2018-05-04 12:28:24 [Thread-12] com.tradebot.formulas.F1_HRun_Algo.CalculateHRun()
ERROR: java.lang.NullPointerException
2018-05-04 12:28:25 [Thread-12] com.tradebot.formulas.F1_HRun_Algo.CalculateHRun()
ERROR: java.lang.NullPointerException
2018-05-04 12:28:25 [Thread-12] com.tradebot.formulas.F1_HRun_Algo.CalculateHRun()
ERROR: java.lang.NullPointerException
2018-05-04 12:28:26 [Thread-12] com.tradebot.formulas.F1_HRun_Algo.CalculateHRun()
ERROR: java.lang.NullPointerException
2018-05-04 12:28:26 [Thread-12] com.tradebot.formulas.F1_HRun_Algo.CalculateHRun()
ERROR: java.lang.NullPointerException
2018-05-04 12:28:26 [Thread-12] com.tradebot.formulas.F1_HRun_Algo.CalculateHRun()
ERROR: java.lang.NullPointerException
2018-05-04 12:28:27 [Thread-12] com.tradebot.formulas.F1_HRun_Algo.CalculateHRun()
ERROR: java.lang.NullPointerException
2018-05-04 12:28:28 [Thread-12] com.tradebot.formulas.F1_HRun_Algo.CalculateHRun()
ERROR: java.lang.NullPointerException
2018-05-04 12:28:28 [Thread-12] com.tradebot.formulas.F1_HRun_Algo.CalculateHRun()
ERROR: java.lang.NullPointerException
2018-05-04 12:28:28 [Thread-12] com.tradebot.formulas.F1_HRun_Algo.CalculateHRun()
ERROR: java.lang.NullPointerException
2018-05-04 12:28:29 [Thread-12] com.tradebot.formulas.F1_HRun_Algo.CalculateHRun()
ERROR: java.lang.NullPointerException
2018-05-04 12:28:29 [Thread-12] com.tradebot.formulas.F1_HRun_Algo.CalculateHRun()
ERROR: java.lang.NullPointerException
2018-05-04 12:28:29 [Thread-12] com.tradebot.formulas.F1_HRun_Algo.CalculateHRun()
ERROR: java.lang.NullPointerException
2018-05-04 12:28:30 [Thread-12] com.tradebot.formulas.F1_HRun_Algo.CalculateHRun()
ERROR: java.lang.NullPointerException
2018-05-04 12:28:31 [Thread-12] com.tradebot.formulas.F1_HRun_Algo.CalculateHRun()
ERROR: java.lang.NullPointerException
2018-05-04 12:28:32 [Thread-12] com.tradebot.formulas.F1_HRun_Algo.CalculateHRun()
ERROR: java.lang.NullPointerException
2018-05-04 12:28:32 [Thread-12] com.tradebot.formulas.F1_HRun_Algo.CalculateHRun()
ERROR: java.lang.NullPointerException
